[Tenant]
TenantId=63f28d16-8d23-4553-b156-d8570ebe3c21
TenantPrimaryDomain=nisi242424gmail888.onmicrosoft.com

[Application Registration]
DisplayName=dds4app2
AppId=39186d21-82cd-467e-a628-a6de4dd20d3a
AppObjectId=1e8c4e37-d031-475f-8462-45a1ebcbd2db
AppIdUri=api://39186d21-82cd-467e-a628-a6de4dd20d3a
Scope=api://39186d21-82cd-467e-a628-a6de4dd20d3a/session:scope:connect
ScopeName=session:scope:connect
ScopeId=7c9724b1-cc76-4c31-a674-c780d6a64a92
RequestedAccessTokenVersion=2
OptionalIdTokenClaim=upn
OptionalClaimMicrosoftGraphDelegatedScopes=profile

[Enterprise Application]
ServicePrincipalObjectId=4bf87c03-4f9d-4358-8c4f-9d25841a7143
AppRoles=MANAGER=14ee39ac-f735-4a2a-8956-e4446af9f5d5,EMPLOYEE=b1ebee2a-d2fd-4d07-a766-5f821caf92e7
Assignments=servicePrincipal:4bf87c03-4f9d-4358-8c4f-9d25841a7143:MANAGER,servicePrincipal:4bf87c03-4f9d-4358-8c4f-9d25841a7143:EMPLOYEE,user:e031eb8e-0b17-4b2b-bd35-22fc332097ba:EMPLOYEE,user:5bf2c7a3-034f-4f03-93a2-6e75ca6d4acc:MANAGER

[Demo Users]
EmployeeUserPrincipalName=emma@nisi242424gmail888.onmicrosoft.com
EmployeeUserObjectId=e031eb8e-0b17-4b2b-bd35-22fc332097ba
EmployeeUserCreated=False
EmployeeTemporaryPassword=
EmployeeRole=EMPLOYEE
ManagerUserPrincipalName=marvin@nisi242424gmail888.onmicrosoft.com
ManagerUserObjectId=5bf2c7a3-034f-4f03-93a2-6e75ca6d4acc
ManagerUserCreated=False
ManagerTemporaryPassword=
ManagerRole=MANAGER

[Files]
OutputEnvPath=.\oracle-db-entra-app.env
SetupLogPath=.\dds_entrasetup.log

[Oracle Identity Provider Config]
{"app_id":"39186d21-82cd-467e-a628-a6de4dd20d3a","application_id_uri":"api://39186d21-82cd-467e-a628-a6de4dd20d3a","tenant_id":"63f28d16-8d23-4553-b156-d8570ebe3c21"}

[Oracle ALTER SYSTEM SQL]
ALTER SYSTEM SET IDENTITY_PROVIDER_CONFIG = '{"app_id":"39186d21-82cd-467e-a628-a6de4dd20d3a","application_id_uri":"api://39186d21-82cd-467e-a628-a6de4dd20d3a","tenant_id":"63f28d16-8d23-4553-b156-d8570ebe3c21"}' SCOPE=BOTH;
